2022-01-18T14:14:22.049293Z 0 [Warning] TIMESTAMP with implicit DEFAULT value is deprecated. Please use --explicit_defaults_for_timestamp server option (see documentation for more details).
2022-01-18T14:14:22.095967Z 0 [Warning] Setting lower_case_table_names=2 because file system for /var/lib/mysql/ is case insensitive
2022-01-18T14:14:25.844973Z 0 [Warning] InnoDB: New log files created, LSN=45790
2022-01-18T14:14:26.921571Z 0 [Warning] InnoDB: Creating foreign key constraint system tables.
2022-01-18T14:14:27.204960Z 0 [Warning] No existing UUID has been found, so we assume that this is the first time that this server has been started. Generating a new UUID: f1e76798-7868-11ec-90bf-0242ac150002.
2022-01-18T14:14:27.229290Z 0 [Warning] Gtid table is not ready to be used. Table 'mysql.gtid_executed' cannot be opened.
2022-01-18T14:14:29.236741Z 0 [Warning] A deprecated TLS version TLSv1 is enabled. Please use TLSv1.2 or higher.
2022-01-18T14:14:29.238522Z 0 [Warning] A deprecated TLS version TLSv1.1 is enabled. Please use TLSv1.2 or higher.
2022-01-18T14:14:29.249497Z 0 [Warning] CA certificate ca.pem is self signed.
2022-01-18T14:14:29.395711Z 1 [Warning] root@localhost is created with an empty password ! Please consider switching off the --initialize-insecure option.
2022-01-18T14:14:40.588284Z 0 [Warning] TIMESTAMP with implicit DEFAULT value is deprecated. Please use --explicit_defaults_for_timestamp server option (see documentation for more details).
2022-01-18T14:14:40.600351Z 0 [Note] mysqld (mysqld 5.7.36) starting as process 78 ...
2022-01-18T14:14:40.610504Z 0 [Warning] Setting lower_case_table_names=2 because file system for /var/lib/mysql/ is case insensitive
2022-01-18T14:14:40.617153Z 0 [Note] InnoDB: PUNCH HOLE support available
2022-01-18T14:14:40.617811Z 0 [Note] InnoDB: Mutexes and rw_locks use GCC atomic builtins
2022-01-18T14:14:40.618381Z 0 [Note] InnoDB: Uses event mutexes
2022-01-18T14:14:40.619277Z 0 [Note] InnoDB: GCC builtin __atomic_thread_fence() is used for memory barrier
2022-01-18T14:14:40.619991Z 0 [Note] InnoDB: Compressed tables use zlib 1.2.11
2022-01-18T14:14:40.620637Z 0 [Note] InnoDB: Using Linux native AIO
2022-01-18T14:14:40.621695Z 0 [Note] InnoDB: Number of pools: 1
2022-01-18T14:14:40.622516Z 0 [Note] InnoDB: Using CPU crc32 instructions
2022-01-18T14:14:40.638380Z 0 [Note] InnoDB: Initializing buffer pool, total size = 128M, instances = 1, chunk size = 128M
2022-01-18T14:14:40.665569Z 0 [Note] InnoDB: Completed initialization of buffer pool
2022-01-18T14:14:40.675417Z 0 [Note] InnoDB: If the mysqld execution user is authorized, page cleaner thread priority can be changed. See the man page of setpriority().
2022-01-18T14:14:40.751663Z 0 [Note] InnoDB: Highest supported file format is Barracuda.
2022-01-18T14:14:40.866716Z 0 [Note] InnoDB: Creating shared tablespace for temporary tables
2022-01-18T14:14:40.870144Z 0 [Note] InnoDB: Setting file './ibtmp1' size to 12 MB. Physically writing the file full; Please wait ...
2022-01-18T14:14:40.948582Z 0 [Note] InnoDB: File './ibtmp1' size is now 12 MB.
2022-01-18T14:14:40.954194Z 0 [Note] InnoDB: 96 redo rollback segment(s) found. 96 redo rollback segment(s) are active.
2022-01-18T14:14:40.955150Z 0 [Note] InnoDB: 32 non-redo rollback segment(s) are active.
2022-01-18T14:14:40.956696Z 0 [Note] InnoDB: Waiting for purge to start
2022-01-18T14:14:41.007969Z 0 [Note] InnoDB: 5.7.36 started; log sequence number 2750153
2022-01-18T14:14:41.009600Z 0 [Note] InnoDB: Loading buffer pool(s) from /var/lib/mysql/ib_buffer_pool
2022-01-18T14:14:41.010007Z 0 [Note] Plugin 'FEDERATED' is disabled.
2022-01-18T14:14:41.082499Z 0 [Note] Found ca.pem, server-cert.pem and server-key.pem in data directory. Trying to enable SSL support using them.
2022-01-18T14:14:41.086842Z 0 [Note] Skipping generation of SSL certificates as certificate files are present in data directory.
2022-01-18T14:14:41.089170Z 0 [Warning] A deprecated TLS version TLSv1 is enabled. Please use TLSv1.2 or higher.
2022-01-18T14:14:41.090244Z 0 [Warning] A deprecated TLS version TLSv1.1 is enabled. Please use TLSv1.2 or higher.
2022-01-18T14:14:41.100418Z 0 [Warning] CA certificate ca.pem is self signed.
2022-01-18T14:14:41.102097Z 0 [Note] Skipping generation of RSA key pair as key files are present in data directory.
2022-01-18T14:14:41.103304Z 0 [Note] InnoDB: Buffer pool(s) load completed at 220118 23:14:41
2022-01-18T14:14:41.111405Z 0 [Warning] Insecure configuration for --pid-file: Location '/var/run/mysqld' in the path is accessible to all OS users. Consider choosing a different directory.
2022-01-18T14:14:41.436635Z 0 [Note] Event Scheduler: Loaded 0 events
2022-01-18T14:14:41.437985Z 0 [Note] mysqld: ready for connections.
Version: '5.7.36'  socket: '/var/run/mysqld/mysqld.sock'  port: 0  MySQL Community Server (GPL)
2022-01-18T14:14:44.951223Z 0 [Note] Giving 0 client threads a chance to die gracefully
2022-01-18T14:14:44.951984Z 0 [Note] Shutting down slave threads
2022-01-18T14:14:44.952676Z 0 [Note] Forcefully disconnecting 0 remaining clients
2022-01-18T14:14:44.953355Z 0 [Note] Event Scheduler: Purging the queue. 0 events
2022-01-18T14:14:44.954068Z 0 [Note] Binlog end
2022-01-18T14:14:44.957979Z 0 [Note] Shutting down plugin 'ngram'
2022-01-18T14:14:44.958905Z 0 [Note] Shutting down plugin 'partition'
2022-01-18T14:14:44.959537Z 0 [Note] Shutting down plugin 'BLACKHOLE'
2022-01-18T14:14:44.960261Z 0 [Note] Shutting down plugin 'ARCHIVE'
2022-01-18T14:14:44.960886Z 0 [Note] Shutting down plugin 'PERFORMANCE_SCHEMA'
2022-01-18T14:14:44.961548Z 0 [Note] Shutting down plugin 'MRG_MYISAM'
2022-01-18T14:14:44.962197Z 0 [Note] Shutting down plugin 'MyISAM'
2022-01-18T14:14:44.962871Z 0 [Note] Shutting down plugin 'INNODB_SYS_VIRTUAL'
2022-01-18T14:14:44.963361Z 0 [Note] Shutting down plugin 'INNODB_SYS_DATAFILES'
2022-01-18T14:14:44.963977Z 0 [Note] Shutting down plugin 'INNODB_SYS_TABLESPACES'
2022-01-18T14:14:44.964657Z 0 [Note] Shutting down plugin 'INNODB_SYS_FOREIGN_COLS'
2022-01-18T14:14:44.965231Z 0 [Note] Shutting down plugin 'INNODB_SYS_FOREIGN'
2022-01-18T14:14:44.965769Z 0 [Note] Shutting down plugin 'INNODB_SYS_FIELDS'
2022-01-18T14:14:44.966973Z 0 [Note] Shutting down plugin 'INNODB_SYS_COLUMNS'
2022-01-18T14:14:44.967585Z 0 [Note] Shutting down plugin 'INNODB_SYS_INDEXES'
2022-01-18T14:14:44.968236Z 0 [Note] Shutting down plugin 'INNODB_SYS_TABLESTATS'
2022-01-18T14:14:44.968944Z 0 [Note] Shutting down plugin 'INNODB_SYS_TABLES'
2022-01-18T14:14:44.969556Z 0 [Note] Shutting down plugin 'INNODB_FT_INDEX_TABLE'
2022-01-18T14:14:44.970249Z 0 [Note] Shutting down plugin 'INNODB_FT_INDEX_CACHE'
2022-01-18T14:14:44.971052Z 0 [Note] Shutting down plugin 'INNODB_FT_CONFIG'
2022-01-18T14:14:44.971647Z 0 [Note] Shutting down plugin 'INNODB_FT_BEING_DELETED'
2022-01-18T14:14:44.972485Z 0 [Note] Shutting down plugin 'INNODB_FT_DELETED'
2022-01-18T14:14:44.973273Z 0 [Note] Shutting down plugin 'INNODB_FT_DEFAULT_STOPWORD'
2022-01-18T14:14:44.974007Z 0 [Note] Shutting down plugin 'INNODB_METRICS'
2022-01-18T14:14:44.974962Z 0 [Note] Shutting down plugin 'INNODB_TEMP_TABLE_INFO'
2022-01-18T14:14:44.975859Z 0 [Note] Shutting down plugin 'INNODB_BUFFER_POOL_STATS'
2022-01-18T14:14:44.976456Z 0 [Note] Shutting down plugin 'INNODB_BUFFER_PAGE_LRU'
2022-01-18T14:14:44.977062Z 0 [Note] Shutting down plugin 'INNODB_BUFFER_PAGE'
2022-01-18T14:14:44.977843Z 0 [Note] Shutting down plugin 'INNODB_CMP_PER_INDEX_RESET'
2022-01-18T14:14:44.978446Z 0 [Note] Shutting down plugin 'INNODB_CMP_PER_INDEX'
2022-01-18T14:14:44.979278Z 0 [Note] Shutting down plugin 'INNODB_CMPMEM_RESET'
2022-01-18T14:14:44.980072Z 0 [Note] Shutting down plugin 'INNODB_CMPMEM'
2022-01-18T14:14:44.980757Z 0 [Note] Shutting down plugin 'INNODB_CMP_RESET'
2022-01-18T14:14:44.981745Z 0 [Note] Shutting down plugin 'INNODB_CMP'
2022-01-18T14:14:44.982561Z 0 [Note] Shutting down plugin 'INNODB_LOCK_WAITS'
2022-01-18T14:14:44.983546Z 0 [Note] Shutting down plugin 'INNODB_LOCKS'
2022-01-18T14:14:44.984448Z 0 [Note] Shutting down plugin 'INNODB_TRX'
2022-01-18T14:14:44.985352Z 0 [Note] Shutting down plugin 'InnoDB'
2022-01-18T14:14:44.986371Z 0 [Note] InnoDB: FTS optimize thread exiting.
2022-01-18T14:14:44.988297Z 0 [Note] InnoDB: Starting shutdown...
2022-01-18T14:14:45.090661Z 0 [Note] InnoDB: Dumping buffer pool(s) to /var/lib/mysql/ib_buffer_pool
2022-01-18T14:14:45.096309Z 0 [Note] InnoDB: Buffer pool(s) dump completed at 220118 23:14:45
2022-01-18T14:14:46.914649Z 0 [Note] InnoDB: Shutdown completed; log sequence number 12660241
2022-01-18T14:14:46.917893Z 0 [Note] InnoDB: Removed temporary tablespace data file: "ibtmp1"
2022-01-18T14:14:46.918699Z 0 [Note] Shutting down plugin 'MEMORY'
2022-01-18T14:14:46.919455Z 0 [Note] Shutting down plugin 'CSV'
2022-01-18T14:14:46.920160Z 0 [Note] Shutting down plugin 'sha256_password'
2022-01-18T14:14:46.920768Z 0 [Note] Shutting down plugin 'mysql_native_password'
2022-01-18T14:14:46.921523Z 0 [Note] Shutting down plugin 'binlog'
2022-01-18T14:14:46.925276Z 0 [Note] mysqld: Shutdown complete

2022-01-18T14:14:47.144596Z 0 [Warning] TIMESTAMP with implicit DEFAULT value is deprecated. Please use --explicit_defaults_for_timestamp server option (see documentation for more details).
2022-01-18T14:14:47.163069Z 0 [Note] mysqld (mysqld 5.7.36) starting as process 1 ...
2022-01-18T14:14:47.173458Z 0 [Warning] Setting lower_case_table_names=2 because file system for /var/lib/mysql/ is case insensitive
2022-01-18T14:14:47.182898Z 0 [Note] InnoDB: PUNCH HOLE support available
2022-01-18T14:14:47.189519Z 0 [Note] InnoDB: Mutexes and rw_locks use GCC atomic builtins
2022-01-18T14:14:47.190144Z 0 [Note] InnoDB: Uses event mutexes
2022-01-18T14:14:47.190584Z 0 [Note] InnoDB: GCC builtin __atomic_thread_fence() is used for memory barrier
2022-01-18T14:14:47.191114Z 0 [Note] InnoDB: Compressed tables use zlib 1.2.11
2022-01-18T14:14:47.191570Z 0 [Note] InnoDB: Using Linux native AIO
2022-01-18T14:14:47.192368Z 0 [Note] InnoDB: Number of pools: 1
2022-01-18T14:14:47.193098Z 0 [Note] InnoDB: Using CPU crc32 instructions
2022-01-18T14:14:47.194866Z 0 [Note] InnoDB: Initializing buffer pool, total size = 128M, instances = 1, chunk size = 128M
2022-01-18T14:14:47.205176Z 0 [Note] InnoDB: Completed initialization of buffer pool
2022-01-18T14:14:47.208080Z 0 [Note] InnoDB: If the mysqld execution user is authorized, page cleaner thread priority can be changed. See the man page of setpriority().
2022-01-18T14:14:47.261980Z 0 [Note] InnoDB: Highest supported file format is Barracuda.
2022-01-18T14:14:47.376631Z 0 [Note] InnoDB: Creating shared tablespace for temporary tables
2022-01-18T14:14:47.379604Z 0 [Note] InnoDB: Setting file './ibtmp1' size to 12 MB. Physically writing the file full; Please wait ...
2022-01-18T14:14:47.446817Z 0 [Note] InnoDB: File './ibtmp1' size is now 12 MB.
2022-01-18T14:14:47.452762Z 0 [Note] InnoDB: 96 redo rollback segment(s) found. 96 redo rollback segment(s) are active.
2022-01-18T14:14:47.453327Z 0 [Note] InnoDB: 32 non-redo rollback segment(s) are active.
2022-01-18T14:14:47.454517Z 0 [Note] InnoDB: Waiting for purge to start
2022-01-18T14:14:47.505508Z 0 [Note] InnoDB: 5.7.36 started; log sequence number 12660241
2022-01-18T14:14:47.506499Z 0 [Note] InnoDB: Loading buffer pool(s) from /var/lib/mysql/ib_buffer_pool
2022-01-18T14:14:47.506660Z 0 [Note] Plugin 'FEDERATED' is disabled.
2022-01-18T14:14:47.538026Z 0 [Note] Found ca.pem, server-cert.pem and server-key.pem in data directory. Trying to enable SSL support using them.
2022-01-18T14:14:47.538755Z 0 [Note] Skipping generation of SSL certificates as certificate files are present in data directory.
2022-01-18T14:14:47.539640Z 0 [Warning] A deprecated TLS version TLSv1 is enabled. Please use TLSv1.2 or higher.
2022-01-18T14:14:47.543750Z 0 [Warning] A deprecated TLS version TLSv1.1 is enabled. Please use TLSv1.2 or higher.
2022-01-18T14:14:47.548703Z 0 [Warning] CA certificate ca.pem is self signed.
2022-01-18T14:14:47.549494Z 0 [Note] Skipping generation of RSA key pair as key files are present in data directory.
2022-01-18T14:14:47.557264Z 0 [Note] Server hostname (bind-address): '*'; port: 3306
2022-01-18T14:14:47.562107Z 0 [Note] IPv6 is available.
2022-01-18T14:14:47.568296Z 0 [Note]   - '::' resolves to '::';
2022-01-18T14:14:47.569368Z 0 [Note] Server socket created on IP: '::'.
2022-01-18T14:14:47.591535Z 0 [Warning] Insecure configuration for --pid-file: Location '/var/run/mysqld' in the path is accessible to all OS users. Consider choosing a different directory.
2022-01-18T14:14:47.597662Z 0 [Note] InnoDB: Buffer pool(s) load completed at 220118 23:14:47
2022-01-18T14:14:47.802168Z 0 [Note] Event Scheduler: Loaded 0 events
2022-01-18T14:14:47.803114Z 0 [Note] mysqld: ready for connections.
Version: '5.7.36'  socket: '/var/run/mysqld/mysqld.sock'  port: 3306  MySQL Community Server (GPL)
2022-01-18T22:54:12.207195Z 0 [Warning] TIMESTAMP with implicit DEFAULT value is deprecated. Please use --explicit_defaults_for_timestamp server option (see documentation for more details).
2022-01-18T22:54:12.394053Z 0 [Note] mysqld (mysqld 5.7.36) starting as process 1 ...
2022-01-18T22:54:12.443558Z 0 [Warning] Setting lower_case_table_names=2 because file system for /var/lib/mysql/ is case insensitive
2022-01-18T22:54:12.645311Z 0 [Note] InnoDB: PUNCH HOLE support available
2022-01-18T22:54:12.648148Z 0 [Note] InnoDB: Mutexes and rw_locks use GCC atomic builtins
2022-01-18T22:54:12.650316Z 0 [Note] InnoDB: Uses event mutexes
2022-01-18T22:54:12.652842Z 0 [Note] InnoDB: GCC builtin __atomic_thread_fence() is used for memory barrier
2022-01-18T22:54:12.653674Z 0 [Note] InnoDB: Compressed tables use zlib 1.2.11
2022-01-18T22:54:12.654607Z 0 [Note] InnoDB: Using Linux native AIO
2022-01-18T22:54:12.865196Z 0 [Note] InnoDB: Number of pools: 1
2022-01-18T22:54:12.868075Z 0 [Note] InnoDB: Using CPU crc32 instructions
2022-01-18T22:54:12.876486Z 0 [Note] InnoDB: Initializing buffer pool, total size = 128M, instances = 1, chunk size = 128M
2022-01-18T22:54:12.895080Z 0 [Note] InnoDB: Completed initialization of buffer pool
2022-01-18T22:54:13.027878Z 0 [Note] InnoDB: If the mysqld execution user is authorized, page cleaner thread priority can be changed. See the man page of setpriority().
2022-01-18T22:54:13.433779Z 0 [Note] InnoDB: Highest supported file format is Barracuda.
2022-01-18T22:54:13.481373Z 0 [Note] InnoDB: Log scan progressed past the checkpoint lsn 12660260
2022-01-18T22:54:13.485146Z 0 [Note] InnoDB: Doing recovery: scanned up to log sequence number 12660269
2022-01-18T22:54:13.487042Z 0 [Note] InnoDB: Database was not shutdown normally!
2022-01-18T22:54:13.493563Z 0 [Note] InnoDB: Starting crash recovery.
2022-01-18T22:54:14.482082Z 0 [Note] InnoDB: Removed temporary tablespace data file: "ibtmp1"
2022-01-18T22:54:14.485742Z 0 [Note] InnoDB: Creating shared tablespace for temporary tables
2022-01-18T22:54:14.502070Z 0 [Note] InnoDB: Setting file './ibtmp1' size to 12 MB. Physically writing the file full; Please wait ...
2022-01-18T22:54:14.682527Z 0 [Note] InnoDB: File './ibtmp1' size is now 12 MB.
2022-01-18T22:54:14.690550Z 0 [Note] InnoDB: 96 redo rollback segment(s) found. 96 redo rollback segment(s) are active.
2022-01-18T22:54:14.693128Z 0 [Note] InnoDB: 32 non-redo rollback segment(s) are active.
2022-01-18T22:54:14.695452Z 0 [Note] InnoDB: Waiting for purge to start
2022-01-18T22:54:14.748963Z 0 [Note] InnoDB: 5.7.36 started; log sequence number 12660269
2022-01-18T22:54:14.751988Z 0 [Note] InnoDB: Loading buffer pool(s) from /var/lib/mysql/ib_buffer_pool
2022-01-18T22:54:14.757744Z 0 [Note] Plugin 'FEDERATED' is disabled.
2022-01-18T22:54:15.949388Z 0 [Note] Found ca.pem, server-cert.pem and server-key.pem in data directory. Trying to enable SSL support using them.
2022-01-18T22:54:16.066323Z 0 [Note] Skipping generation of SSL certificates as certificate files are present in data directory.
2022-01-18T22:54:16.249966Z 0 [Warning] A deprecated TLS version TLSv1 is enabled. Please use TLSv1.2 or higher.
2022-01-18T22:54:16.277838Z 0 [Warning] A deprecated TLS version TLSv1.1 is enabled. Please use TLSv1.2 or higher.
2022-01-18T22:54:16.626173Z 0 [Note] InnoDB: Buffer pool(s) load completed at 220119  7:54:16
2022-01-18T22:54:16.708738Z 0 [Warning] CA certificate ca.pem is self signed.
2022-01-18T22:54:16.769678Z 0 [Note] Skipping generation of RSA key pair as key files are present in data directory.
2022-01-18T22:54:16.922905Z 0 [Note] Server hostname (bind-address): '*'; port: 3306
2022-01-18T22:54:16.928112Z 0 [Note] IPv6 is available.
2022-01-18T22:54:16.930142Z 0 [Note]   - '::' resolves to '::';
2022-01-18T22:54:16.935163Z 0 [Note] Server socket created on IP: '::'.
2022-01-18T22:54:17.035227Z 0 [Warning] Insecure configuration for --pid-file: Location '/var/run/mysqld' in the path is accessible to all OS users. Consider choosing a different directory.
2022-01-18T22:54:19.515154Z 0 [Note] Event Scheduler: Loaded 0 events
2022-01-18T22:54:19.541638Z 0 [Note] mysqld: ready for connections.
Version: '5.7.36'  socket: '/var/run/mysqld/mysqld.sock'  port: 3306  MySQL Community Server (GPL)
2022-01-18T23:23:17.655729Z 0 [Note] Giving 0 client threads a chance to die gracefully
2022-01-18T23:23:17.682113Z 0 [Note] Shutting down slave threads
2022-01-18T23:23:17.689640Z 0 [Note] Forcefully disconnecting 0 remaining clients
2022-01-18T23:23:17.708360Z 0 [Note] Event Scheduler: Purging the queue. 0 events
2022-01-18T23:23:17.726791Z 0 [Note] Binlog end
2022-01-18T23:28:06.330448Z 0 [Warning] TIMESTAMP with implicit DEFAULT value is deprecated. Please use --explicit_defaults_for_timestamp server option (see documentation for more details).
2022-01-18T23:28:06.343410Z 0 [Note] mysqld (mysqld 5.7.36) starting as process 1 ...
2022-01-18T23:28:06.351628Z 0 [Warning] Setting lower_case_table_names=2 because file system for /var/lib/mysql/ is case insensitive
2022-01-18T23:28:06.363815Z 0 [Note] InnoDB: PUNCH HOLE support available
2022-01-18T23:28:06.364914Z 0 [Note] InnoDB: Mutexes and rw_locks use GCC atomic builtins
2022-01-18T23:28:06.365952Z 0 [Note] InnoDB: Uses event mutexes
2022-01-18T23:28:06.367571Z 0 [Note] InnoDB: GCC builtin __atomic_thread_fence() is used for memory barrier
2022-01-18T23:28:06.370966Z 0 [Note] InnoDB: Compressed tables use zlib 1.2.11
2022-01-18T23:28:06.372677Z 0 [Note] InnoDB: Using Linux native AIO
2022-01-18T23:28:06.379765Z 0 [Note] InnoDB: Number of pools: 1
2022-01-18T23:28:06.385839Z 0 [Note] InnoDB: Using CPU crc32 instructions
2022-01-18T23:28:06.393436Z 0 [Note] InnoDB: Initializing buffer pool, total size = 128M, instances = 1, chunk size = 128M
2022-01-18T23:28:06.436757Z 0 [Note] InnoDB: Completed initialization of buffer pool
2022-01-18T23:28:06.461400Z 0 [Note] InnoDB: If the mysqld execution user is authorized, page cleaner thread priority can be changed. See the man page of setpriority().
2022-01-18T23:28:06.606973Z 0 [Note] InnoDB: Highest supported file format is Barracuda.
2022-01-18T23:28:06.626130Z 0 [Note] InnoDB: Log scan progressed past the checkpoint lsn 12660288
2022-01-18T23:28:06.626932Z 0 [Note] InnoDB: Doing recovery: scanned up to log sequence number 12660297
2022-01-18T23:28:06.627748Z 0 [Note] InnoDB: Database was not shutdown normally!
2022-01-18T23:28:06.628302Z 0 [Note] InnoDB: Starting crash recovery.
2022-01-18T23:28:06.962572Z 0 [Note] InnoDB: Removed temporary tablespace data file: "ibtmp1"
2022-01-18T23:28:06.963282Z 0 [Note] InnoDB: Creating shared tablespace for temporary tables
2022-01-18T23:28:06.966988Z 0 [Note] InnoDB: Setting file './ibtmp1' size to 12 MB. Physically writing the file full; Please wait ...
2022-01-18T23:28:07.226878Z 0 [Note] InnoDB: File './ibtmp1' size is now 12 MB.
2022-01-18T23:28:07.232636Z 0 [Note] InnoDB: 96 redo rollback segment(s) found. 96 redo rollback segment(s) are active.
2022-01-18T23:28:07.233877Z 0 [Note] InnoDB: 32 non-redo rollback segment(s) are active.
2022-01-18T23:28:07.235686Z 0 [Note] InnoDB: 5.7.36 started; log sequence number 12660297
2022-01-18T23:28:07.237402Z 0 [Note] InnoDB: Loading buffer pool(s) from /var/lib/mysql/ib_buffer_pool
2022-01-18T23:28:07.237675Z 0 [Note] Plugin 'FEDERATED' is disabled.
2022-01-18T23:28:07.349932Z 0 [Note] Found ca.pem, server-cert.pem and server-key.pem in data directory. Trying to enable SSL support using them.
2022-01-18T23:28:07.351965Z 0 [Note] Skipping generation of SSL certificates as certificate files are present in data directory.
2022-01-18T23:28:07.355364Z 0 [Warning] A deprecated TLS version TLSv1 is enabled. Please use TLSv1.2 or higher.
2022-01-18T23:28:07.356609Z 0 [Warning] A deprecated TLS version TLSv1.1 is enabled. Please use TLSv1.2 or higher.
2022-01-18T23:28:07.403112Z 0 [Warning] CA certificate ca.pem is self signed.
2022-01-18T23:28:07.405068Z 0 [Note] Skipping generation of RSA key pair as key files are present in data directory.
2022-01-18T23:28:07.405249Z 0 [Note] InnoDB: Buffer pool(s) load completed at 220119  8:28:07
2022-01-18T23:28:07.412290Z 0 [Note] Server hostname (bind-address): '*'; port: 3306
2022-01-18T23:28:07.413128Z 0 [Note] IPv6 is available.
2022-01-18T23:28:07.413732Z 0 [Note]   - '::' resolves to '::';
2022-01-18T23:28:07.414603Z 0 [Note] Server socket created on IP: '::'.
2022-01-18T23:28:07.431991Z 0 [Warning] Insecure configuration for --pid-file: Location '/var/run/mysqld' in the path is accessible to all OS users. Consider choosing a different directory.
2022-01-18T23:28:07.997147Z 0 [Note] Event Scheduler: Loaded 0 events
2022-01-18T23:28:07.998304Z 0 [Note] mysqld: ready for connections.
Version: '5.7.36'  socket: '/var/run/mysqld/mysqld.sock'  port: 3306  MySQL Community Server (GPL)
2022-01-19T14:57:16.179914Z 0 [Warning] TIMESTAMP with implicit DEFAULT value is deprecated. Please use --explicit_defaults_for_timestamp server option (see documentation for more details).
2022-01-19T14:57:16.204344Z 0 [Note] mysqld (mysqld 5.7.36) starting as process 1 ...
2022-01-19T14:57:16.221155Z 0 [Warning] Setting lower_case_table_names=2 because file system for /var/lib/mysql/ is case insensitive
2022-01-19T14:57:16.242287Z 0 [Note] InnoDB: PUNCH HOLE support available
2022-01-19T14:57:16.248744Z 0 [Note] InnoDB: Mutexes and rw_locks use GCC atomic builtins
2022-01-19T14:57:16.250587Z 0 [Note] InnoDB: Uses event mutexes
2022-01-19T14:57:16.254967Z 0 [Note] InnoDB: GCC builtin __atomic_thread_fence() is used for memory barrier
2022-01-19T14:57:16.258116Z 0 [Note] InnoDB: Compressed tables use zlib 1.2.11
2022-01-19T14:57:16.265574Z 0 [Note] InnoDB: Using Linux native AIO
2022-01-19T14:57:16.277675Z 0 [Note] InnoDB: Number of pools: 1
2022-01-19T14:57:16.304942Z 0 [Note] InnoDB: Using CPU crc32 instructions
2022-01-19T14:57:16.339309Z 0 [Note] InnoDB: Initializing buffer pool, total size = 128M, instances = 1, chunk size = 128M
2022-01-19T14:57:16.408856Z 0 [Note] InnoDB: Completed initialization of buffer pool
2022-01-19T14:57:16.421457Z 0 [Note] InnoDB: If the mysqld execution user is authorized, page cleaner thread priority can be changed. See the man page of setpriority().
2022-01-19T14:57:16.501213Z 0 [Note] InnoDB: Highest supported file format is Barracuda.
2022-01-19T14:57:16.516911Z 0 [Note] InnoDB: Log scan progressed past the checkpoint lsn 12660325
2022-01-19T14:57:16.521939Z 0 [Note] InnoDB: Doing recovery: scanned up to log sequence number 12660334
2022-01-19T14:57:16.523695Z 0 [Note] InnoDB: Database was not shutdown normally!
2022-01-19T14:57:16.528967Z 0 [Note] InnoDB: Starting crash recovery.
2022-01-19T14:57:16.778314Z 0 [Note] InnoDB: Removed temporary tablespace data file: "ibtmp1"
2022-01-19T14:57:16.778797Z 0 [Note] InnoDB: Creating shared tablespace for temporary tables
2022-01-19T14:57:16.781189Z 0 [Note] InnoDB: Setting file './ibtmp1' size to 12 MB. Physically writing the file full; Please wait ...
2022-01-19T14:57:16.893881Z 0 [Note] InnoDB: File './ibtmp1' size is now 12 MB.
2022-01-19T14:57:16.898427Z 0 [Note] InnoDB: 96 redo rollback segment(s) found. 96 redo rollback segment(s) are active.
2022-01-19T14:57:16.899220Z 0 [Note] InnoDB: 32 non-redo rollback segment(s) are active.
2022-01-19T14:57:16.900132Z 0 [Note] InnoDB: Waiting for purge to start
2022-01-19T14:57:16.951091Z 0 [Note] InnoDB: 5.7.36 started; log sequence number 12660334
2022-01-19T14:57:16.952065Z 0 [Note] InnoDB: Loading buffer pool(s) from /var/lib/mysql/ib_buffer_pool
2022-01-19T14:57:16.952263Z 0 [Note] Plugin 'FEDERATED' is disabled.
2022-01-19T14:57:16.989812Z 0 [Note] Found ca.pem, server-cert.pem and server-key.pem in data directory. Trying to enable SSL support using them.
2022-01-19T14:57:16.995460Z 0 [Note] Skipping generation of SSL certificates as certificate files are present in data directory.
2022-01-19T14:57:16.996534Z 0 [Warning] A deprecated TLS version TLSv1 is enabled. Please use TLSv1.2 or higher.
2022-01-19T14:57:16.997092Z 0 [Warning] A deprecated TLS version TLSv1.1 is enabled. Please use TLSv1.2 or higher.
2022-01-19T14:57:17.010647Z 0 [Warning] CA certificate ca.pem is self signed.
2022-01-19T14:57:17.011727Z 0 [Note] Skipping generation of RSA key pair as key files are present in data directory.
2022-01-19T14:57:17.013917Z 0 [Note] InnoDB: Buffer pool(s) load completed at 220119 23:57:17
2022-01-19T14:57:17.016615Z 0 [Note] Server hostname (bind-address): '*'; port: 3306
2022-01-19T14:57:17.017071Z 0 [Note] IPv6 is available.
2022-01-19T14:57:17.018188Z 0 [Note]   - '::' resolves to '::';
2022-01-19T14:57:17.018609Z 0 [Note] Server socket created on IP: '::'.
2022-01-19T14:57:17.022678Z 0 [Warning] Insecure configuration for --pid-file: Location '/var/run/mysqld' in the path is accessible to all OS users. Consider choosing a different directory.
2022-01-19T14:57:17.298287Z 0 [Note] Event Scheduler: Loaded 0 events
2022-01-19T14:57:17.298941Z 0 [Note] mysqld: ready for connections.
Version: '5.7.36'  socket: '/var/run/mysqld/mysqld.sock'  port: 3306  MySQL Community Server (GPL)
2022-01-22T11:42:27.826948Z 0 [Warning] TIMESTAMP with implicit DEFAULT value is deprecated. Please use --explicit_defaults_for_timestamp server option (see documentation for more details).
2022-01-22T11:42:27.837481Z 0 [Note] mysqld (mysqld 5.7.36) starting as process 1 ...
2022-01-22T11:42:27.846250Z 0 [Warning] Setting lower_case_table_names=2 because file system for /var/lib/mysql/ is case insensitive
2022-01-22T11:42:27.852185Z 0 [Note] InnoDB: PUNCH HOLE support available
2022-01-22T11:42:27.852658Z 0 [Note] InnoDB: Mutexes and rw_locks use GCC atomic builtins
2022-01-22T11:42:27.853349Z 0 [Note] InnoDB: Uses event mutexes
2022-01-22T11:42:27.854119Z 0 [Note] InnoDB: GCC builtin __atomic_thread_fence() is used for memory barrier
2022-01-22T11:42:27.854612Z 0 [Note] InnoDB: Compressed tables use zlib 1.2.11
2022-01-22T11:42:27.855244Z 0 [Note] InnoDB: Using Linux native AIO
2022-01-22T11:42:27.856266Z 0 [Note] InnoDB: Number of pools: 1
2022-01-22T11:42:27.856914Z 0 [Note] InnoDB: Using CPU crc32 instructions
2022-01-22T11:42:27.858669Z 0 [Note] InnoDB: Initializing buffer pool, total size = 128M, instances = 1, chunk size = 128M
2022-01-22T11:42:27.867873Z 0 [Note] InnoDB: Completed initialization of buffer pool
2022-01-22T11:42:27.872088Z 0 [Note] InnoDB: If the mysqld execution user is authorized, page cleaner thread priority can be changed. See the man page of setpriority().
2022-01-22T11:42:27.908129Z 0 [Note] InnoDB: Highest supported file format is Barracuda.
2022-01-22T11:42:27.916248Z 0 [Note] InnoDB: Log scan progressed past the checkpoint lsn 12660353
2022-01-22T11:42:27.916646Z 0 [Note] InnoDB: Doing recovery: scanned up to log sequence number 12660362
2022-01-22T11:42:27.917153Z 0 [Note] InnoDB: Database was not shutdown normally!
2022-01-22T11:42:27.917648Z 0 [Note] InnoDB: Starting crash recovery.
2022-01-22T11:42:28.128499Z 0 [Note] InnoDB: Removed temporary tablespace data file: "ibtmp1"
2022-01-22T11:42:28.129133Z 0 [Note] InnoDB: Creating shared tablespace for temporary tables
2022-01-22T11:42:28.132742Z 0 [Note] InnoDB: Setting file './ibtmp1' size to 12 MB. Physically writing the file full; Please wait ...
2022-01-22T11:42:28.219325Z 0 [Note] InnoDB: File './ibtmp1' size is now 12 MB.
2022-01-22T11:42:28.224979Z 0 [Note] InnoDB: 96 redo rollback segment(s) found. 96 redo rollback segment(s) are active.
2022-01-22T11:42:28.226959Z 0 [Note] InnoDB: 32 non-redo rollback segment(s) are active.
2022-01-22T11:42:28.228561Z 0 [Note] InnoDB: Waiting for purge to start
2022-01-22T11:42:28.280046Z 0 [Note] InnoDB: 5.7.36 started; log sequence number 12660362
2022-01-22T11:42:28.282113Z 0 [Note] InnoDB: Loading buffer pool(s) from /var/lib/mysql/ib_buffer_pool
2022-01-22T11:42:28.282387Z 0 [Note] Plugin 'FEDERATED' is disabled.
2022-01-22T11:42:28.321632Z 0 [Note] Found ca.pem, server-cert.pem and server-key.pem in data directory. Trying to enable SSL support using them.
2022-01-22T11:42:28.322524Z 0 [Note] Skipping generation of SSL certificates as certificate files are present in data directory.
2022-01-22T11:42:28.323612Z 0 [Warning] A deprecated TLS version TLSv1 is enabled. Please use TLSv1.2 or higher.
2022-01-22T11:42:28.325078Z 0 [Warning] A deprecated TLS version TLSv1.1 is enabled. Please use TLSv1.2 or higher.
2022-01-22T11:42:28.339348Z 0 [Warning] CA certificate ca.pem is self signed.
2022-01-22T11:42:28.339980Z 0 [Note] Skipping generation of RSA key pair as key files are present in data directory.
2022-01-22T11:42:28.350788Z 0 [Note] Server hostname (bind-address): '*'; port: 3306
2022-01-22T11:42:28.351858Z 0 [Note] IPv6 is available.
2022-01-22T11:42:28.352566Z 0 [Note]   - '::' resolves to '::';
2022-01-22T11:42:28.353226Z 0 [Note] Server socket created on IP: '::'.
2022-01-22T11:42:28.352405Z 0 [Note] InnoDB: Buffer pool(s) load completed at 220122 20:42:28
2022-01-22T11:42:28.356061Z 0 [Warning] Insecure configuration for --pid-file: Location '/var/run/mysqld' in the path is accessible to all OS users. Consider choosing a different directory.
2022-01-22T11:42:28.605265Z 0 [Note] Event Scheduler: Loaded 0 events
2022-01-22T11:42:28.605925Z 0 [Note] mysqld: ready for connections.
Version: '5.7.36'  socket: '/var/run/mysqld/mysqld.sock'  port: 3306  MySQL Community Server (GPL)
2022-01-22T11:43:04.353520Z 0 [Note] Giving 0 client threads a chance to die gracefully
2022-01-22T11:43:04.354521Z 0 [Note] Shutting down slave threads
2022-01-22T11:43:04.355590Z 0 [Note] Forcefully disconnecting 0 remaining clients
2022-01-22T11:43:04.356247Z 0 [Note] Event Scheduler: Purging the queue. 0 events
2022-01-22T11:43:04.357108Z 0 [Note] Binlog end
2022-01-22T11:43:04.360358Z 0 [Note] Shutting down plugin 'ngram'
2022-01-22T11:43:04.361536Z 0 [Note] Shutting down plugin 'partition'
2022-01-22T11:43:04.362339Z 0 [Note] Shutting down plugin 'BLACKHOLE'
2022-01-22T11:43:04.362816Z 0 [Note] Shutting down plugin 'ARCHIVE'
2022-01-22T11:43:04.363203Z 0 [Note] Shutting down plugin 'PERFORMANCE_SCHEMA'
2022-01-22T11:43:04.363739Z 0 [Note] Shutting down plugin 'MRG_MYISAM'
2022-01-22T11:43:04.364073Z 0 [Note] Shutting down plugin 'MyISAM'
2022-01-22T11:43:04.364521Z 0 [Note] Shutting down plugin 'INNODB_SYS_VIRTUAL'
2022-01-22T11:43:04.364875Z 0 [Note] Shutting down plugin 'INNODB_SYS_DATAFILES'
2022-01-22T11:43:04.365243Z 0 [Note] Shutting down plugin 'INNODB_SYS_TABLESPACES'
2022-01-22T11:43:04.365633Z 0 [Note] Shutting down plugin 'INNODB_SYS_FOREIGN_COLS'
2022-01-22T11:43:04.366055Z 0 [Note] Shutting down plugin 'INNODB_SYS_FOREIGN'
2022-01-22T11:43:04.366409Z 0 [Note] Shutting down plugin 'INNODB_SYS_FIELDS'
2022-01-22T11:43:04.367036Z 0 [Note] Shutting down plugin 'INNODB_SYS_COLUMNS'
2022-01-22T11:43:04.367329Z 0 [Note] Shutting down plugin 'INNODB_SYS_INDEXES'
2022-01-22T11:43:04.367686Z 0 [Note] Shutting down plugin 'INNODB_SYS_TABLESTATS'
2022-01-22T11:43:04.368182Z 0 [Note] Shutting down plugin 'INNODB_SYS_TABLES'
2022-01-22T11:43:04.368470Z 0 [Note] Shutting down plugin 'INNODB_FT_INDEX_TABLE'
2022-01-22T11:43:04.368825Z 0 [Note] Shutting down plugin 'INNODB_FT_INDEX_CACHE'
2022-01-22T11:43:04.369209Z 0 [Note] Shutting down plugin 'INNODB_FT_CONFIG'
2022-01-22T11:43:04.369528Z 0 [Note] Shutting down plugin 'INNODB_FT_BEING_DELETED'
2022-01-22T11:43:04.369955Z 0 [Note] Shutting down plugin 'INNODB_FT_DELETED'
2022-01-22T11:43:04.370355Z 0 [Note] Shutting down plugin 'INNODB_FT_DEFAULT_STOPWORD'
2022-01-22T11:43:04.370701Z 0 [Note] Shutting down plugin 'INNODB_METRICS'
2022-01-22T11:43:04.371120Z 0 [Note] Shutting down plugin 'INNODB_TEMP_TABLE_INFO'
2022-01-22T11:43:04.371500Z 0 [Note] Shutting down plugin 'INNODB_BUFFER_POOL_STATS'
2022-01-22T11:43:04.372436Z 0 [Note] Shutting down plugin 'INNODB_BUFFER_PAGE_LRU'
2022-01-22T11:43:04.372781Z 0 [Note] Shutting down plugin 'INNODB_BUFFER_PAGE'
2022-01-22T11:43:04.373125Z 0 [Note] Shutting down plugin 'INNODB_CMP_PER_INDEX_RESET'
2022-01-22T11:43:04.373490Z 0 [Note] Shutting down plugin 'INNODB_CMP_PER_INDEX'
2022-01-22T11:43:04.373938Z 0 [Note] Shutting down plugin 'INNODB_CMPMEM_RESET'
2022-01-22T11:43:04.374480Z 0 [Note] Shutting down plugin 'INNODB_CMPMEM'
2022-01-22T11:43:04.374900Z 0 [Note] Shutting down plugin 'INNODB_CMP_RESET'
2022-01-22T11:43:04.375299Z 0 [Note] Shutting down plugin 'INNODB_CMP'
2022-01-22T11:43:04.375716Z 0 [Note] Shutting down plugin 'INNODB_LOCK_WAITS'
2022-01-22T11:43:04.376162Z 0 [Note] Shutting down plugin 'INNODB_LOCKS'
2022-01-22T11:43:04.376553Z 0 [Note] Shutting down plugin 'INNODB_TRX'
2022-01-22T11:43:04.377063Z 0 [Note] Shutting down plugin 'InnoDB'
2022-01-22T11:43:04.377878Z 0 [Note] InnoDB: FTS optimize thread exiting.
2022-01-22T11:43:04.378645Z 0 [Note] InnoDB: Starting shutdown...
2022-01-22T11:43:04.480974Z 0 [Note] InnoDB: Dumping buffer pool(s) to /var/lib/mysql/ib_buffer_pool
2022-01-22T11:43:04.486848Z 0 [Note] InnoDB: Buffer pool(s) dump completed at 220122 20:43:04
2022-01-22T15:27:06.503553Z 0 [Warning] TIMESTAMP with implicit DEFAULT value is deprecated. Please use --explicit_defaults_for_timestamp server option (see documentation for more details).
2022-01-22T15:27:06.513355Z 0 [Note] mysqld (mysqld 5.7.36) starting as process 1 ...
2022-01-22T15:27:06.520949Z 0 [Warning] Setting lower_case_table_names=2 because file system for /var/lib/mysql/ is case insensitive
2022-01-22T15:27:06.529890Z 0 [Note] InnoDB: PUNCH HOLE support available
2022-01-22T15:27:06.530530Z 0 [Note] InnoDB: Mutexes and rw_locks use GCC atomic builtins
2022-01-22T15:27:06.531057Z 0 [Note] InnoDB: Uses event mutexes
2022-01-22T15:27:06.531507Z 0 [Note] InnoDB: GCC builtin __atomic_thread_fence() is used for memory barrier
2022-01-22T15:27:06.531910Z 0 [Note] InnoDB: Compressed tables use zlib 1.2.11
2022-01-22T15:27:06.532385Z 0 [Note] InnoDB: Using Linux native AIO
2022-01-22T15:27:06.534654Z 0 [Note] InnoDB: Number of pools: 1
2022-01-22T15:27:06.539198Z 0 [Note] InnoDB: Using CPU crc32 instructions
2022-01-22T15:27:06.543375Z 0 [Note] InnoDB: Initializing buffer pool, total size = 128M, instances = 1, chunk size = 128M
2022-01-22T15:27:06.565964Z 0 [Note] InnoDB: Completed initialization of buffer pool
2022-01-22T15:27:06.579054Z 0 [Note] InnoDB: If the mysqld execution user is authorized, page cleaner thread priority can be changed. See the man page of setpriority().
2022-01-22T15:27:06.661122Z 0 [Note] InnoDB: Highest supported file format is Barracuda.
2022-01-22T15:27:06.715439Z 0 [Note] InnoDB: Log scan progressed past the checkpoint lsn 12660381
2022-01-22T15:27:06.718797Z 0 [Note] InnoDB: Doing recovery: scanned up to log sequence number 12660390
2022-01-22T15:27:06.720610Z 0 [Note] InnoDB: Database was not shutdown normally!
2022-01-22T15:27:06.722362Z 0 [Note] InnoDB: Starting crash recovery.
2022-01-22T15:27:07.964536Z 0 [Note] InnoDB: Removed temporary tablespace data file: "ibtmp1"
2022-01-22T15:27:07.965378Z 0 [Note] InnoDB: Creating shared tablespace for temporary tables
2022-01-22T15:27:07.973287Z 0 [Note] InnoDB: Setting file './ibtmp1' size to 12 MB. Physically writing the file full; Please wait ...
2022-01-22T15:27:08.962516Z 0 [Note] InnoDB: File './ibtmp1' size is now 12 MB.
2022-01-22T15:27:09.646836Z 0 [Note] InnoDB: 96 redo rollback segment(s) found. 96 redo rollback segment(s) are active.
2022-01-22T15:27:09.649401Z 0 [Note] InnoDB: 32 non-redo rollback segment(s) are active.
2022-01-22T15:27:09.661344Z 0 [Note] InnoDB: Waiting for purge to start
2022-01-22T15:27:09.727428Z 0 [Note] InnoDB: 5.7.36 started; log sequence number 12660390
2022-01-22T15:27:09.739906Z 0 [Note] InnoDB: Loading buffer pool(s) from /var/lib/mysql/ib_buffer_pool
2022-01-22T15:27:09.745440Z 0 [Note] Plugin 'FEDERATED' is disabled.
2022-01-22T15:27:11.261253Z 0 [Note] Found ca.pem, server-cert.pem and server-key.pem in data directory. Trying to enable SSL support using them.
2022-01-22T15:27:11.269764Z 0 [Note] Skipping generation of SSL certificates as certificate files are present in data directory.
2022-01-22T15:27:11.273465Z 0 [Warning] A deprecated TLS version TLSv1 is enabled. Please use TLSv1.2 or higher.
2022-01-22T15:27:11.275507Z 0 [Warning] A deprecated TLS version TLSv1.1 is enabled. Please use TLSv1.2 or higher.
2022-01-22T15:27:11.286584Z 0 [Note] InnoDB: Buffer pool(s) load completed at 220123  0:27:11
2022-01-22T15:27:11.413605Z 0 [Warning] CA certificate ca.pem is self signed.
2022-01-22T15:27:11.437672Z 0 [Note] Skipping generation of RSA key pair as key files are present in data directory.
2022-01-22T15:27:11.494176Z 0 [Note] Server hostname (bind-address): '*'; port: 3306
2022-01-22T15:27:11.498681Z 0 [Note] IPv6 is available.
2022-01-22T15:27:11.503655Z 0 [Note]   - '::' resolves to '::';
2022-01-22T15:27:11.505609Z 0 [Note] Server socket created on IP: '::'.
2022-01-22T15:27:11.606722Z 0 [Warning] Insecure configuration for --pid-file: Location '/var/run/mysqld' in the path is accessible to all OS users. Consider choosing a different directory.
2022-01-22T15:27:13.805620Z 0 [Note] Event Scheduler: Loaded 0 events
2022-01-22T15:27:13.808237Z 0 [Note] mysqld: ready for connections.
Version: '5.7.36'  socket: '/var/run/mysqld/mysqld.sock'  port: 3306  MySQL Community Server (GPL)
2022-01-25T03:04:16.510256Z 0 [Warning] TIMESTAMP with implicit DEFAULT value is deprecated. Please use --explicit_defaults_for_timestamp server option (see documentation for more details).
2022-01-25T03:04:16.527510Z 0 [Note] mysqld (mysqld 5.7.36) starting as process 1 ...
2022-01-25T03:04:16.544940Z 0 [Warning] Setting lower_case_table_names=2 because file system for /var/lib/mysql/ is case insensitive
2022-01-25T03:04:16.564365Z 0 [Note] InnoDB: PUNCH HOLE support available
2022-01-25T03:04:16.565288Z 0 [Note] InnoDB: Mutexes and rw_locks use GCC atomic builtins
2022-01-25T03:04:16.566221Z 0 [Note] InnoDB: Uses event mutexes
2022-01-25T03:04:16.566584Z 0 [Note] InnoDB: GCC builtin __atomic_thread_fence() is used for memory barrier
2022-01-25T03:04:16.567318Z 0 [Note] InnoDB: Compressed tables use zlib 1.2.11
2022-01-25T03:04:16.567985Z 0 [Note] InnoDB: Using Linux native AIO
2022-01-25T03:04:16.573215Z 0 [Note] InnoDB: Number of pools: 1
2022-01-25T03:04:16.574486Z 0 [Note] InnoDB: Using CPU crc32 instructions
2022-01-25T03:04:16.592994Z 0 [Note] InnoDB: Initializing buffer pool, total size = 128M, instances = 1, chunk size = 128M
2022-01-25T03:04:16.646776Z 0 [Note] InnoDB: Completed initialization of buffer pool
2022-01-25T03:04:16.659229Z 0 [Note] InnoDB: If the mysqld execution user is authorized, page cleaner thread priority can be changed. See the man page of setpriority().
2022-01-25T03:04:16.745079Z 0 [Note] InnoDB: Highest supported file format is Barracuda.
2022-01-25T03:04:16.759452Z 0 [Note] InnoDB: Log scan progressed past the checkpoint lsn 12660409
2022-01-25T03:04:16.760065Z 0 [Note] InnoDB: Doing recovery: scanned up to log sequence number 12660418
2022-01-25T03:04:16.760447Z 0 [Note] InnoDB: Database was not shutdown normally!
2022-01-25T03:04:16.761004Z 0 [Note] InnoDB: Starting crash recovery.
2022-01-25T03:04:17.047888Z 0 [Note] InnoDB: Creating shared tablespace for temporary tables
2022-01-25T03:04:17.053244Z 0 [Note] InnoDB: Setting file './ibtmp1' size to 12 MB. Physically writing the file full; Please wait ...
2022-01-25T03:04:17.175230Z 0 [Note] InnoDB: File './ibtmp1' size is now 12 MB.
2022-01-25T03:04:17.188711Z 0 [Note] InnoDB: 96 redo rollback segment(s) found. 96 redo rollback segment(s) are active.
2022-01-25T03:04:17.189331Z 0 [Note] InnoDB: 32 non-redo rollback segment(s) are active.
2022-01-25T03:04:17.190570Z 0 [Note] InnoDB: Waiting for purge to start
2022-01-25T03:04:17.244137Z 0 [Note] InnoDB: 5.7.36 started; log sequence number 12660418
2022-01-25T03:04:17.248168Z 0 [Note] InnoDB: Loading buffer pool(s) from /var/lib/mysql/ib_buffer_pool
2022-01-25T03:04:17.248468Z 0 [Note] Plugin 'FEDERATED' is disabled.
2022-01-25T03:04:17.330907Z 0 [Note] InnoDB: Buffer pool(s) load completed at 220125 12:04:17
2022-01-25T03:04:17.335812Z 0 [Note] Found ca.pem, server-cert.pem and server-key.pem in data directory. Trying to enable SSL support using them.
2022-01-25T03:04:17.336671Z 0 [Note] Skipping generation of SSL certificates as certificate files are present in data directory.
2022-01-25T03:04:17.337677Z 0 [Warning] A deprecated TLS version TLSv1 is enabled. Please use TLSv1.2 or higher.
2022-01-25T03:04:17.338418Z 0 [Warning] A deprecated TLS version TLSv1.1 is enabled. Please use TLSv1.2 or higher.
2022-01-25T03:04:17.350005Z 0 [Warning] CA certificate ca.pem is self signed.
2022-01-25T03:04:17.353569Z 0 [Note] Skipping generation of RSA key pair as key files are present in data directory.
2022-01-25T03:04:17.361230Z 0 [Note] Server hostname (bind-address): '*'; port: 3306
2022-01-25T03:04:17.362524Z 0 [Note] IPv6 is available.
2022-01-25T03:04:17.363514Z 0 [Note]   - '::' resolves to '::';
2022-01-25T03:04:17.364851Z 0 [Note] Server socket created on IP: '::'.
2022-01-25T03:04:17.369191Z 0 [Warning] Insecure configuration for --pid-file: Location '/var/run/mysqld' in the path is accessible to all OS users. Consider choosing a different directory.
2022-01-25T03:04:17.656993Z 0 [Note] Event Scheduler: Loaded 0 events
2022-01-25T03:04:17.658002Z 0 [Note] mysqld: ready for connections.
Version: '5.7.36'  socket: '/var/run/mysqld/mysqld.sock'  port: 3306  MySQL Community Server (GPL)
2022-01-25T06:43:39.809405Z 0 [Note] Giving 0 client threads a chance to die gracefully
2022-01-25T06:43:39.813594Z 0 [Note] Shutting down slave threads
2022-01-25T06:43:39.815455Z 0 [Note] Forcefully disconnecting 0 remaining clients
2022-01-25T06:43:39.817802Z 0 [Note] Event Scheduler: Purging the queue. 0 events
2022-01-25T06:43:39.821263Z 0 [Note] Binlog end
2022-01-25T06:43:39.844503Z 0 [Note] Shutting down plugin 'ngram'
2022-01-25T06:43:39.846029Z 0 [Note] Shutting down plugin 'partition'
2022-01-25T06:43:39.846588Z 0 [Note] Shutting down plugin 'BLACKHOLE'
2022-01-25T06:43:39.847109Z 0 [Note] Shutting down plugin 'ARCHIVE'
2022-01-25T06:43:39.847576Z 0 [Note] Shutting down plugin 'PERFORMANCE_SCHEMA'
2022-01-25T06:43:39.849062Z 0 [Note] Shutting down plugin 'MRG_MYISAM'
2022-01-25T06:43:39.849618Z 0 [Note] Shutting down plugin 'MyISAM'
2022-01-25T06:43:39.851699Z 0 [Note] Shutting down plugin 'INNODB_SYS_VIRTUAL'
2022-01-25T06:43:39.853847Z 0 [Note] Shutting down plugin 'INNODB_SYS_DATAFILES'
2022-01-25T06:43:39.857452Z 0 [Note] Shutting down plugin 'INNODB_SYS_TABLESPACES'
2022-01-25T06:43:39.858090Z 0 [Note] Shutting down plugin 'INNODB_SYS_FOREIGN_COLS'
2022-01-25T06:43:39.858473Z 0 [Note] Shutting down plugin 'INNODB_SYS_FOREIGN'
2022-01-25T06:43:39.859005Z 0 [Note] Shutting down plugin 'INNODB_SYS_FIELDS'
2022-01-25T06:43:39.860567Z 0 [Note] Shutting down plugin 'INNODB_SYS_COLUMNS'
2022-01-25T06:43:39.860985Z 0 [Note] Shutting down plugin 'INNODB_SYS_INDEXES'
2022-01-25T06:43:39.861434Z 0 [Note] Shutting down plugin 'INNODB_SYS_TABLESTATS'
2022-01-25T06:43:39.862014Z 0 [Note] Shutting down plugin 'INNODB_SYS_TABLES'
2022-01-25T06:43:39.862342Z 0 [Note] Shutting down plugin 'INNODB_FT_INDEX_TABLE'
2022-01-25T06:43:39.862691Z 0 [Note] Shutting down plugin 'INNODB_FT_INDEX_CACHE'
2022-01-25T06:43:39.863122Z 0 [Note] Shutting down plugin 'INNODB_FT_CONFIG'
2022-01-25T06:43:39.863371Z 0 [Note] Shutting down plugin 'INNODB_FT_BEING_DELETED'
2022-01-25T06:43:39.863792Z 0 [Note] Shutting down plugin 'INNODB_FT_DELETED'
2022-01-25T06:43:39.864278Z 0 [Note] Shutting down plugin 'INNODB_FT_DEFAULT_STOPWORD'
2022-01-25T06:43:39.864670Z 0 [Note] Shutting down plugin 'INNODB_METRICS'
2022-01-25T06:43:39.865117Z 0 [Note] Shutting down plugin 'INNODB_TEMP_TABLE_INFO'
2022-01-25T06:43:39.865700Z 0 [Note] Shutting down plugin 'INNODB_BUFFER_POOL_STATS'
2022-01-25T06:43:39.866161Z 0 [Note] Shutting down plugin 'INNODB_BUFFER_PAGE_LRU'
2022-01-25T06:43:39.866594Z 0 [Note] Shutting down plugin 'INNODB_BUFFER_PAGE'
2022-01-25T06:43:39.869687Z 0 [Note] Shutting down plugin 'INNODB_CMP_PER_INDEX_RESET'
2022-01-25T06:43:39.870053Z 0 [Note] Shutting down plugin 'INNODB_CMP_PER_INDEX'
2022-01-25T06:43:39.870497Z 0 [Note] Shutting down plugin 'INNODB_CMPMEM_RESET'
2022-01-25T06:43:39.871013Z 0 [Note] Shutting down plugin 'INNODB_CMPMEM'
2022-01-25T06:43:39.871987Z 0 [Note] Shutting down plugin 'INNODB_CMP_RESET'
2022-01-25T06:43:39.872379Z 0 [Note] Shutting down plugin 'INNODB_CMP'
2022-01-25T06:43:39.872837Z 0 [Note] Shutting down plugin 'INNODB_LOCK_WAITS'
2022-01-25T06:43:39.873471Z 0 [Note] Shutting down plugin 'INNODB_LOCKS'
2022-01-25T06:43:39.873969Z 0 [Note] Shutting down plugin 'INNODB_TRX'
2022-01-25T06:43:39.874354Z 0 [Note] Shutting down plugin 'InnoDB'
2022-01-25T06:43:39.879596Z 0 [Note] InnoDB: FTS optimize thread exiting.
2022-01-25T06:43:39.880402Z 0 [Note] InnoDB: Starting shutdown...
2022-01-25T06:43:39.993376Z 0 [Note] InnoDB: Dumping buffer pool(s) to /var/lib/mysql/ib_buffer_pool
2022-01-25T06:43:40.009527Z 0 [Note] InnoDB: Buffer pool(s) dump completed at 220125 15:43:40
2022-01-25T06:43:41.421007Z 0 [Note] InnoDB: Shutdown completed; log sequence number 12660446
2022-01-25T06:43:41.429779Z 0 [Note] InnoDB: Removed temporary tablespace data file: "ibtmp1"
2022-01-25T06:43:41.430340Z 0 [Note] Shutting down plugin 'MEMORY'
2022-01-25T06:43:41.521954Z 0 [Note] Shutting down plugin 'CSV'
2022-01-25T06:43:41.525033Z 0 [Note] Shutting down plugin 'sha256_password'
2022-01-25T06:43:41.526525Z 0 [Note] Shutting down plugin 'mysql_native_password'
2022-01-25T06:43:41.536274Z 0 [Note] Shutting down plugin 'binlog'
2022-01-25T06:43:41.598417Z 0 [Note] mysqld: Shutdown complete

2022-01-25T06:43:46.441397Z 0 [Warning] TIMESTAMP with implicit DEFAULT value is deprecated. Please use --explicit_defaults_for_timestamp server option (see documentation for more details).
2022-01-25T06:43:46.454988Z 0 [Note] mysqld (mysqld 5.7.36) starting as process 1 ...
2022-01-25T06:43:46.463549Z 0 [Warning] Setting lower_case_table_names=2 because file system for /var/lib/mysql/ is case insensitive
2022-01-25T06:43:46.468626Z 0 [Note] InnoDB: PUNCH HOLE support available
2022-01-25T06:43:46.469200Z 0 [Note] InnoDB: Mutexes and rw_locks use GCC atomic builtins
2022-01-25T06:43:46.469728Z 0 [Note] InnoDB: Uses event mutexes
2022-01-25T06:43:46.470351Z 0 [Note] InnoDB: GCC builtin __atomic_thread_fence() is used for memory barrier
2022-01-25T06:43:46.470892Z 0 [Note] InnoDB: Compressed tables use zlib 1.2.11
2022-01-25T06:43:46.471838Z 0 [Note] InnoDB: Using Linux native AIO
2022-01-25T06:43:46.472976Z 0 [Note] InnoDB: Number of pools: 1
2022-01-25T06:43:46.475621Z 0 [Note] InnoDB: Using CPU crc32 instructions
2022-01-25T06:43:46.479326Z 0 [Note] InnoDB: Initializing buffer pool, total size = 128M, instances = 1, chunk size = 128M
2022-01-25T06:43:46.489135Z 0 [Note] InnoDB: Completed initialization of buffer pool
2022-01-25T06:43:46.491934Z 0 [Note] InnoDB: If the mysqld execution user is authorized, page cleaner thread priority can be changed. See the man page of setpriority().
2022-01-25T06:43:46.558935Z 0 [Note] InnoDB: Highest supported file format is Barracuda.
2022-01-25T06:43:46.651830Z 0 [Note] InnoDB: Creating shared tablespace for temporary tables
2022-01-25T06:43:46.654239Z 0 [Note] InnoDB: Setting file './ibtmp1' size to 12 MB. Physically writing the file full; Please wait ...
2022-01-25T06:43:46.722390Z 0 [Note] InnoDB: File './ibtmp1' size is now 12 MB.
2022-01-25T06:43:46.726962Z 0 [Note] InnoDB: 96 redo rollback segment(s) found. 96 redo rollback segment(s) are active.
2022-01-25T06:43:46.727614Z 0 [Note] InnoDB: 32 non-redo rollback segment(s) are active.
2022-01-25T06:43:46.728650Z 0 [Note] InnoDB: Waiting for purge to start
2022-01-25T06:43:46.779482Z 0 [Note] InnoDB: 5.7.36 started; log sequence number 12660446
2022-01-25T06:43:46.780301Z 0 [Note] InnoDB: Loading buffer pool(s) from /var/lib/mysql/ib_buffer_pool
2022-01-25T06:43:46.780530Z 0 [Note] Plugin 'FEDERATED' is disabled.
2022-01-25T06:43:46.830917Z 0 [Note] Found ca.pem, server-cert.pem and server-key.pem in data directory. Trying to enable SSL support using them.
2022-01-25T06:43:46.842515Z 0 [Note] Skipping generation of SSL certificates as certificate files are present in data directory.
2022-01-25T06:43:46.844803Z 0 [Warning] A deprecated TLS version TLSv1 is enabled. Please use TLSv1.2 or higher.
2022-01-25T06:43:46.845854Z 0 [Warning] A deprecated TLS version TLSv1.1 is enabled. Please use TLSv1.2 or higher.
2022-01-25T06:43:46.861408Z 0 [Note] InnoDB: Buffer pool(s) load completed at 220125 15:43:46
2022-01-25T06:43:46.864654Z 0 [Warning] CA certificate ca.pem is self signed.
2022-01-25T06:43:46.865904Z 0 [Note] Skipping generation of RSA key pair as key files are present in data directory.
2022-01-25T06:43:46.873837Z 0 [Note] Server hostname (bind-address): '*'; port: 3306
2022-01-25T06:43:46.876252Z 0 [Note] IPv6 is available.
2022-01-25T06:43:46.877190Z 0 [Note]   - '::' resolves to '::';
2022-01-25T06:43:46.878061Z 0 [Note] Server socket created on IP: '::'.
2022-01-25T06:43:46.882599Z 0 [Warning] Insecure configuration for --pid-file: Location '/var/run/mysqld' in the path is accessible to all OS users. Consider choosing a different directory.
2022-01-25T06:43:47.198329Z 0 [Note] Event Scheduler: Loaded 0 events
2022-01-25T06:43:47.199267Z 0 [Note] mysqld: ready for connections.
Version: '5.7.36'  socket: '/var/run/mysqld/mysqld.sock'  port: 3306  MySQL Community Server (GPL)
